CRITICAL - 2022-10-03 18:14:13 --> Cannot redeclare App\Controllers\Usuario::login()
in APPPATH\Controllers\Usuario.php on line 76.
 1 [internal function]: CodeIgniter\Debug\Exceptions->shutdownHandler()
CRITICAL - 2022-10-03 18:14:37 --> syntax error, unexpected '=', expecting end of file
in APPPATH\Views\index.php on line 11.
 1 SYSTEMPATH\View\View.php(216): CodeIgniter\View\View->CodeIgniter\View\{closure}()
 2 SYSTEMPATH\Common.php(1142): CodeIgniter\View\View->render('index', [], true)
 3 APPPATH\Controllers\Usuario.php(74): view('index')
 4 SYSTEMPATH\CodeIgniter.php(907): App\Controllers\Usuario->login()
 5 SYSTEMPATH\CodeIgniter.php(457): CodeIgniter\CodeIgniter->runController(Object(App\Controllers\Usuario))
 6 SYSTEMPATH\CodeIgniter.php(340): CodeIgniter\CodeIgniter->handleRequest(null, Object(Config\Cache), false)
 7 FCPATH\index.php(67): CodeIgniter\CodeIgniter->run()
CRITICAL - 2022-10-03 18:38:45 --> syntax error, unexpected 'else' (T_ELSE)
in APPPATH\Controllers\Usuario.php on line 84.
 1 SYSTEMPATH\Autoloader\Autoloader.php(259): CodeIgniter\Autoloader\Autoloader->includeFile('APPPATH\\Controllers\\Usuario.php')
 2 SYSTEMPATH\Autoloader\Autoloader.php(237): CodeIgniter\Autoloader\Autoloader->loadInNamespace('App\\Controllers\\Usuario')
 3 [internal function]: CodeIgniter\Autoloader\Autoloader->loadClass('App\\Controllers\\Usuario')
 4 [internal function]: spl_autoload_call('App\\Controllers\\Usuario')
 5 SYSTEMPATH\CodeIgniter.php(857): class_exists('\\App\\Controllers\\Usuario', true)
 6 SYSTEMPATH\CodeIgniter.php(444): CodeIgniter\CodeIgniter->startController()
 7 SYSTEMPATH\CodeIgniter.php(340): CodeIgniter\CodeIgniter->handleRequest(null, Object(Config\Cache), false)
 8 FCPATH\index.php(67): CodeIgniter\CodeIgniter->run()
CRITICAL - 2022-10-03 18:39:37 --> syntax error, unexpected 'else' (T_ELSE)
in APPPATH\Controllers\Usuario.php on line 84.
 1 SYSTEMPATH\Autoloader\Autoloader.php(259): CodeIgniter\Autoloader\Autoloader->includeFile('APPPATH\\Controllers\\Usuario.php')
 2 SYSTEMPATH\Autoloader\Autoloader.php(237): CodeIgniter\Autoloader\Autoloader->loadInNamespace('App\\Controllers\\Usuario')
 3 [internal function]: CodeIgniter\Autoloader\Autoloader->loadClass('App\\Controllers\\Usuario')
 4 [internal function]: spl_autoload_call('App\\Controllers\\Usuario')
 5 SYSTEMPATH\CodeIgniter.php(857): class_exists('\\App\\Controllers\\Usuario', true)
 6 SYSTEMPATH\CodeIgniter.php(444): CodeIgniter\CodeIgniter->startController()
 7 SYSTEMPATH\CodeIgniter.php(340): CodeIgniter\CodeIgniter->handleRequest(null, Object(Config\Cache), false)
 8 FCPATH\index.php(67): CodeIgniter\CodeIgniter->run()
CRITICAL - 2022-10-03 18:44:01 --> syntax error, unexpected 'else' (T_ELSE)
in APPPATH\Controllers\Usuario.php on line 87.
 1 SYSTEMPATH\Autoloader\Autoloader.php(259): CodeIgniter\Autoloader\Autoloader->includeFile('APPPATH\\Controllers\\Usuario.php')
 2 SYSTEMPATH\Autoloader\Autoloader.php(237): CodeIgniter\Autoloader\Autoloader->loadInNamespace('App\\Controllers\\Usuario')
 3 [internal function]: CodeIgniter\Autoloader\Autoloader->loadClass('App\\Controllers\\Usuario')
 4 [internal function]: spl_autoload_call('App\\Controllers\\Usuario')
 5 SYSTEMPATH\CodeIgniter.php(857): class_exists('\\App\\Controllers\\Usuario', true)
 6 SYSTEMPATH\CodeIgniter.php(444): CodeIgniter\CodeIgniter->startController()
 7 SYSTEMPATH\CodeIgniter.php(340): CodeIgniter\CodeIgniter->handleRequest(null, Object(Config\Cache), false)
 8 FCPATH\index.php(67): CodeIgniter\CodeIgniter->run()
CRITICAL - 2022-10-03 18:44:50 --> syntax error, unexpected 'else' (T_ELSE)
in APPPATH\Controllers\Usuario.php on line 87.
 1 SYSTEMPATH\Autoloader\Autoloader.php(259): CodeIgniter\Autoloader\Autoloader->includeFile('APPPATH\\Controllers\\Usuario.php')
 2 SYSTEMPATH\Autoloader\Autoloader.php(237): CodeIgniter\Autoloader\Autoloader->loadInNamespace('App\\Controllers\\Usuario')
 3 [internal function]: CodeIgniter\Autoloader\Autoloader->loadClass('App\\Controllers\\Usuario')
 4 [internal function]: spl_autoload_call('App\\Controllers\\Usuario')
 5 SYSTEMPATH\CodeIgniter.php(857): class_exists('\\App\\Controllers\\Usuario', true)
 6 SYSTEMPATH\CodeIgniter.php(444): CodeIgniter\CodeIgniter->startController()
 7 SYSTEMPATH\CodeIgniter.php(340): CodeIgniter\CodeIgniter->handleRequest(null, Object(Config\Cache), false)
 8 FCPATH\index.php(67): CodeIgniter\CodeIgniter->run()
CRITICAL - 2022-10-03 18:44:51 --> syntax error, unexpected 'else' (T_ELSE)
in APPPATH\Controllers\Usuario.php on line 87.
 1 SYSTEMPATH\Autoloader\Autoloader.php(259): CodeIgniter\Autoloader\Autoloader->includeFile('APPPATH\\Controllers\\Usuario.php')
 2 SYSTEMPATH\Autoloader\Autoloader.php(237): CodeIgniter\Autoloader\Autoloader->loadInNamespace('App\\Controllers\\Usuario')
 3 [internal function]: CodeIgniter\Autoloader\Autoloader->loadClass('App\\Controllers\\Usuario')
 4 [internal function]: spl_autoload_call('App\\Controllers\\Usuario')
 5 SYSTEMPATH\CodeIgniter.php(857): class_exists('\\App\\Controllers\\Usuario', true)
 6 SYSTEMPATH\CodeIgniter.php(444): CodeIgniter\CodeIgniter->startController()
 7 SYSTEMPATH\CodeIgniter.php(340): CodeIgniter\CodeIgniter->handleRequest(null, Object(Config\Cache), false)
 8 FCPATH\index.php(67): CodeIgniter\CodeIgniter->run()
CRITICAL - 2022-10-03 18:45:04 --> syntax error, unexpected 'else' (T_ELSE)
in APPPATH\Controllers\Usuario.php on line 87.
 1 SYSTEMPATH\Autoloader\Autoloader.php(259): CodeIgniter\Autoloader\Autoloader->includeFile('APPPATH\\Controllers\\Usuario.php')
 2 SYSTEMPATH\Autoloader\Autoloader.php(237): CodeIgniter\Autoloader\Autoloader->loadInNamespace('App\\Controllers\\Usuario')
 3 [internal function]: CodeIgniter\Autoloader\Autoloader->loadClass('App\\Controllers\\Usuario')
 4 [internal function]: spl_autoload_call('App\\Controllers\\Usuario')
 5 SYSTEMPATH\CodeIgniter.php(857): class_exists('\\App\\Controllers\\Usuario', true)
 6 SYSTEMPATH\CodeIgniter.php(444): CodeIgniter\CodeIgniter->startController()
 7 SYSTEMPATH\CodeIgniter.php(340): CodeIgniter\CodeIgniter->handleRequest(null, Object(Config\Cache), false)
 8 FCPATH\index.php(67): CodeIgniter\CodeIgniter->run()
CRITICAL - 2022-10-03 19:13:34 --> syntax error, unexpected 'text' (T_STRING)
in APPPATH\Views\index.php on line 15.
 1 SYSTEMPATH\View\View.php(216): CodeIgniter\View\View->CodeIgniter\View\{closure}()
 2 SYSTEMPATH\Common.php(1142): CodeIgniter\View\View->render('index', [], true)
 3 APPPATH\Controllers\Usuario.php(74): view('index')
 4 SYSTEMPATH\CodeIgniter.php(907): App\Controllers\Usuario->formulario_login()
 5 SYSTEMPATH\CodeIgniter.php(457): CodeIgniter\CodeIgniter->runController(Object(App\Controllers\Usuario))
 6 SYSTEMPATH\CodeIgniter.php(340): CodeIgniter\CodeIgniter->handleRequest(null, Object(Config\Cache), false)
 7 FCPATH\index.php(67): CodeIgniter\CodeIgniter->run()
CRITICAL - 2022-10-03 20:28:07 --> syntax error, unexpected '$session' (T_VARIABLE)
in APPPATH\Controllers\Usuario.php on line 94.
 1 SYSTEMPATH\Autoloader\Autoloader.php(259): CodeIgniter\Autoloader\Autoloader->includeFile('APPPATH\\Controllers\\Usuario.php')
 2 SYSTEMPATH\Autoloader\Autoloader.php(237): CodeIgniter\Autoloader\Autoloader->loadInNamespace('App\\Controllers\\Usuario')
 3 [internal function]: CodeIgniter\Autoloader\Autoloader->loadClass('App\\Controllers\\Usuario')
 4 [internal function]: spl_autoload_call('App\\Controllers\\Usuario')
 5 SYSTEMPATH\CodeIgniter.php(857): class_exists('\\App\\Controllers\\Usuario', true)
 6 SYSTEMPATH\CodeIgniter.php(444): CodeIgniter\CodeIgniter->startController()
 7 SYSTEMPATH\CodeIgniter.php(340): CodeIgniter\CodeIgniter->handleRequest(null, Object(Config\Cache), false)
 8 FCPATH\index.php(67): CodeIgniter\CodeIgniter->run()
CRITICAL - 2022-10-03 20:28:09 --> syntax error, unexpected '$session' (T_VARIABLE)
in APPPATH\Controllers\Usuario.php on line 94.
 1 SYSTEMPATH\Autoloader\Autoloader.php(259): CodeIgniter\Autoloader\Autoloader->includeFile('APPPATH\\Controllers\\Usuario.php')
 2 SYSTEMPATH\Autoloader\Autoloader.php(237): CodeIgniter\Autoloader\Autoloader->loadInNamespace('App\\Controllers\\Usuario')
 3 [internal function]: CodeIgniter\Autoloader\Autoloader->loadClass('App\\Controllers\\Usuario')
 4 [internal function]: spl_autoload_call('App\\Controllers\\Usuario')
 5 SYSTEMPATH\CodeIgniter.php(857): class_exists('\\App\\Controllers\\Usuario', true)
 6 SYSTEMPATH\CodeIgniter.php(444): CodeIgniter\CodeIgniter->startController()
 7 SYSTEMPATH\CodeIgniter.php(340): CodeIgniter\CodeIgniter->handleRequest(null, Object(Config\Cache), false)
 8 FCPATH\index.php(67): CodeIgniter\CodeIgniter->run()
CRITICAL - 2022-10-03 20:28:28 --> syntax error, unexpected '$session' (T_VARIABLE)
in APPPATH\Controllers\Usuario.php on line 94.
 1 SYSTEMPATH\Autoloader\Autoloader.php(259): CodeIgniter\Autoloader\Autoloader->includeFile('APPPATH\\Controllers\\Usuario.php')
 2 SYSTEMPATH\Autoloader\Autoloader.php(237): CodeIgniter\Autoloader\Autoloader->loadInNamespace('App\\Controllers\\Usuario')
 3 [internal function]: CodeIgniter\Autoloader\Autoloader->loadClass('App\\Controllers\\Usuario')
 4 [internal function]: spl_autoload_call('App\\Controllers\\Usuario')
 5 SYSTEMPATH\CodeIgniter.php(857): class_exists('\\App\\Controllers\\Usuario', true)
 6 SYSTEMPATH\CodeIgniter.php(444): CodeIgniter\CodeIgniter->startController()
 7 SYSTEMPATH\CodeIgniter.php(340): CodeIgniter\CodeIgniter->handleRequest(null, Object(Config\Cache), false)
 8 FCPATH\index.php(67): CodeIgniter\CodeIgniter->run()
CRITICAL - 2022-10-03 20:51:45 --> syntax error, unexpected '$session' (T_VARIABLE)
in APPPATH\Controllers\Usuario.php on line 94.
 1 SYSTEMPATH\Autoloader\Autoloader.php(259): CodeIgniter\Autoloader\Autoloader->includeFile('APPPATH\\Controllers\\Usuario.php')
 2 SYSTEMPATH\Autoloader\Autoloader.php(237): CodeIgniter\Autoloader\Autoloader->loadInNamespace('App\\Controllers\\Usuario')
 3 [internal function]: CodeIgniter\Autoloader\Autoloader->loadClass('App\\Controllers\\Usuario')
 4 [internal function]: spl_autoload_call('App\\Controllers\\Usuario')
 5 SYSTEMPATH\CodeIgniter.php(857): class_exists('\\App\\Controllers\\Usuario', true)
 6 SYSTEMPATH\CodeIgniter.php(444): CodeIgniter\CodeIgniter->startController()
 7 SYSTEMPATH\CodeIgniter.php(340): CodeIgniter\CodeIgniter->handleRequest(null, Object(Config\Cache), false)
 8 FCPATH\index.php(67): CodeIgniter\CodeIgniter->run()
CRITICAL - 2022-10-03 20:54:34 --> syntax error, unexpected '$session' (T_VARIABLE)
in APPPATH\Controllers\Usuario.php on line 95.
 1 SYSTEMPATH\Autoloader\Autoloader.php(259): CodeIgniter\Autoloader\Autoloader->includeFile('APPPATH\\Controllers\\Usuario.php')
 2 SYSTEMPATH\Autoloader\Autoloader.php(237): CodeIgniter\Autoloader\Autoloader->loadInNamespace('App\\Controllers\\Usuario')
 3 [internal function]: CodeIgniter\Autoloader\Autoloader->loadClass('App\\Controllers\\Usuario')
 4 [internal function]: spl_autoload_call('App\\Controllers\\Usuario')
 5 SYSTEMPATH\CodeIgniter.php(857): class_exists('\\App\\Controllers\\Usuario', true)
 6 SYSTEMPATH\CodeIgniter.php(444): CodeIgniter\CodeIgniter->startController()
 7 SYSTEMPATH\CodeIgniter.php(340): CodeIgniter\CodeIgniter->handleRequest(null, Object(Config\Cache), false)
 8 FCPATH\index.php(67): CodeIgniter\CodeIgniter->run()
CRITICAL - 2022-10-03 20:55:12 --> Undefined variable: Usuario
in APPPATH\Models\UsuarioModel.php on line 54.
 1 APPPATH\Models\UsuarioModel.php(54): CodeIgniter\Debug\Exceptions->errorHandler(8, 'Undefined variable: Usuario', 'APPPATH\\Models\\UsuarioModel.php', 54, [...])
 2 APPPATH\Controllers\Usuario.php(87): App\Models\UsuarioModel->obtenerUsuario([...])
 3 SYSTEMPATH\CodeIgniter.php(907): App\Controllers\Usuario->login()
 4 SYSTEMPATH\CodeIgniter.php(457): CodeIgniter\CodeIgniter->runController(Object(App\Controllers\Usuario))
 5 SYSTEMPATH\CodeIgniter.php(340): CodeIgniter\CodeIgniter->handleRequest(null, Object(Config\Cache), false)
 6 FCPATH\index.php(67): CodeIgniter\CodeIgniter->run()
CRITICAL - 2022-10-03 20:55:22 --> Undefined variable: Usuario
in APPPATH\Models\UsuarioModel.php on line 54.
 1 APPPATH\Models\UsuarioModel.php(54): CodeIgniter\Debug\Exceptions->errorHandler(8, 'Undefined variable: Usuario', 'APPPATH\\Models\\UsuarioModel.php', 54, [...])
 2 APPPATH\Controllers\Usuario.php(87): App\Models\UsuarioModel->obtenerUsuario([...])
 3 SYSTEMPATH\CodeIgniter.php(907): App\Controllers\Usuario->login()
 4 SYSTEMPATH\CodeIgniter.php(457): CodeIgniter\CodeIgniter->runController(Object(App\Controllers\Usuario))
 5 SYSTEMPATH\CodeIgniter.php(340): CodeIgniter\CodeIgniter->handleRequest(null, Object(Config\Cache), false)
 6 FCPATH\index.php(67): CodeIgniter\CodeIgniter->run()
CRITICAL - 2022-10-03 20:56:08 --> Undefined variable: usuario
in APPPATH\Models\UsuarioModel.php on line 54.
 1 APPPATH\Models\UsuarioModel.php(54): CodeIgniter\Debug\Exceptions->errorHandler(8, 'Undefined variable: usuario', 'APPPATH\\Models\\UsuarioModel.php', 54, [...])
 2 APPPATH\Controllers\Usuario.php(87): App\Models\UsuarioModel->obtenerUsuario([...])
 3 SYSTEMPATH\CodeIgniter.php(907): App\Controllers\Usuario->login()
 4 SYSTEMPATH\CodeIgniter.php(457): CodeIgniter\CodeIgniter->runController(Object(App\Controllers\Usuario))
 5 SYSTEMPATH\CodeIgniter.php(340): CodeIgniter\CodeIgniter->handleRequest(null, Object(Config\Cache), false)
 6 FCPATH\index.php(67): CodeIgniter\CodeIgniter->run()
CRITICAL - 2022-10-03 20:57:27 --> Call to undefined method App\Controllers\Usuario::obtenerUsuario()
in APPPATH\Controllers\Usuario.php on line 87.
 1 SYSTEMPATH\CodeIgniter.php(907): App\Controllers\Usuario->login()
 2 SYSTEMPATH\CodeIgniter.php(457): CodeIgniter\CodeIgniter->runController(Object(App\Controllers\Usuario))
 3 SYSTEMPATH\CodeIgniter.php(340): CodeIgniter\CodeIgniter->handleRequest(null, Object(Config\Cache), false)
 4 FCPATH\index.php(67): CodeIgniter\CodeIgniter->run()
CRITICAL - 2022-10-03 20:58:31 --> syntax error, unexpected '->' (T_OBJECT_OPERATOR)
in APPPATH\Controllers\Usuario.php on line 87.
 1 SYSTEMPATH\Autoloader\Autoloader.php(259): CodeIgniter\Autoloader\Autoloader->includeFile('APPPATH\\Controllers\\Usuario.php')
 2 SYSTEMPATH\Autoloader\Autoloader.php(237): CodeIgniter\Autoloader\Autoloader->loadInNamespace('App\\Controllers\\Usuario')
 3 [internal function]: CodeIgniter\Autoloader\Autoloader->loadClass('App\\Controllers\\Usuario')
 4 [internal function]: spl_autoload_call('App\\Controllers\\Usuario')
 5 SYSTEMPATH\CodeIgniter.php(857): class_exists('\\App\\Controllers\\Usuario', true)
 6 SYSTEMPATH\CodeIgniter.php(444): CodeIgniter\CodeIgniter->startController()
 7 SYSTEMPATH\CodeIgniter.php(340): CodeIgniter\CodeIgniter->handleRequest(null, Object(Config\Cache), false)
 8 FCPATH\index.php(67): CodeIgniter\CodeIgniter->run()
CRITICAL - 2022-10-03 20:58:55 --> Undefined variable: Usuario
in APPPATH\Models\UsuarioModel.php on line 54.
 1 APPPATH\Models\UsuarioModel.php(54): CodeIgniter\Debug\Exceptions->errorHandler(8, 'Undefined variable: Usuario', 'APPPATH\\Models\\UsuarioModel.php', 54, [...])
 2 APPPATH\Controllers\Usuario.php(87): App\Models\UsuarioModel->obtenerUsuario([...])
 3 SYSTEMPATH\CodeIgniter.php(907): App\Controllers\Usuario->login()
 4 SYSTEMPATH\CodeIgniter.php(457): CodeIgniter\CodeIgniter->runController(Object(App\Controllers\Usuario))
 5 SYSTEMPATH\CodeIgniter.php(340): CodeIgniter\CodeIgniter->handleRequest(null, Object(Config\Cache), false)
 6 FCPATH\index.php(67): CodeIgniter\CodeIgniter->run()
CRITICAL - 2022-10-03 20:59:56 --> Object of class App\Controllers\Usuario could not be converted to string
in APPPATH\Controllers\Usuario.php on line 87.
 1 SYSTEMPATH\CodeIgniter.php(907): App\Controllers\Usuario->login()
 2 SYSTEMPATH\CodeIgniter.php(457): CodeIgniter\CodeIgniter->runController(Object(App\Controllers\Usuario))
 3 SYSTEMPATH\CodeIgniter.php(340): CodeIgniter\CodeIgniter->handleRequest(null, Object(Config\Cache), false)
 4 FCPATH\index.php(67): CodeIgniter\CodeIgniter->run()
CRITICAL - 2022-10-03 21:00:13 --> Undefined variable: Usuario
in APPPATH\Models\UsuarioModel.php on line 54.
 1 APPPATH\Models\UsuarioModel.php(54): CodeIgniter\Debug\Exceptions->errorHandler(8, 'Undefined variable: Usuario', 'APPPATH\\Models\\UsuarioModel.php', 54, [...])
 2 APPPATH\Controllers\Usuario.php(87): App\Models\UsuarioModel->obtenerUsuario([...])
 3 SYSTEMPATH\CodeIgniter.php(907): App\Controllers\Usuario->login()
 4 SYSTEMPATH\CodeIgniter.php(457): CodeIgniter\CodeIgniter->runController(Object(App\Controllers\Usuario))
 5 SYSTEMPATH\CodeIgniter.php(340): CodeIgniter\CodeIgniter->handleRequest(null, Object(Config\Cache), false)
 6 FCPATH\index.php(67): CodeIgniter\CodeIgniter->run()
CRITICAL - 2022-10-03 21:00:38 --> Undefined variable: datosUsuario
in APPPATH\Models\UsuarioModel.php on line 54.
 1 APPPATH\Models\UsuarioModel.php(54): CodeIgniter\Debug\Exceptions->errorHandler(8, 'Undefined variable: datosUsuario', 'APPPATH\\Models\\UsuarioModel.php', 54, [...])
 2 APPPATH\Controllers\Usuario.php(87): App\Models\UsuarioModel->obtenerUsuario([...])
 3 SYSTEMPATH\CodeIgniter.php(907): App\Controllers\Usuario->login()
 4 SYSTEMPATH\CodeIgniter.php(457): CodeIgniter\CodeIgniter->runController(Object(App\Controllers\Usuario))
 5 SYSTEMPATH\CodeIgniter.php(340): CodeIgniter\CodeIgniter->handleRequest(null, Object(Config\Cache), false)
 6 FCPATH\index.php(67): CodeIgniter\CodeIgniter->run()
CRITICAL - 2022-10-03 21:01:15 --> Undefined variable: datosUsuario
in APPPATH\Models\UsuarioModel.php on line 54.
 1 APPPATH\Models\UsuarioModel.php(54): CodeIgniter\Debug\Exceptions->errorHandler(8, 'Undefined variable: datosUsuario', 'APPPATH\\Models\\UsuarioModel.php', 54, [...])
 2 APPPATH\Controllers\Usuario.php(87): App\Models\UsuarioModel->obtenerUsuario([...])
 3 SYSTEMPATH\CodeIgniter.php(907): App\Controllers\Usuario->login()
 4 SYSTEMPATH\CodeIgniter.php(457): CodeIgniter\CodeIgniter->runController(Object(App\Controllers\Usuario))
 5 SYSTEMPATH\CodeIgniter.php(340): CodeIgniter\CodeIgniter->handleRequest(null, Object(Config\Cache), false)
 6 FCPATH\index.php(67): CodeIgniter\CodeIgniter->run()
CRITICAL - 2022-10-03 21:01:30 --> Undefined variable: datosUsuario
in APPPATH\Models\UsuarioModel.php on line 54.
 1 APPPATH\Models\UsuarioModel.php(54): CodeIgniter\Debug\Exceptions->errorHandler(8, 'Undefined variable: datosUsuario', 'APPPATH\\Models\\UsuarioModel.php', 54, [...])
 2 APPPATH\Controllers\Usuario.php(87): App\Models\UsuarioModel->obtenerUsuario([...])
 3 SYSTEMPATH\CodeIgniter.php(907): App\Controllers\Usuario->login()
 4 SYSTEMPATH\CodeIgniter.php(457): CodeIgniter\CodeIgniter->runController(Object(App\Controllers\Usuario))
 5 SYSTEMPATH\CodeIgniter.php(340): CodeIgniter\CodeIgniter->handleRequest(null, Object(Config\Cache), false)
 6 FCPATH\index.php(67): CodeIgniter\CodeIgniter->run()
CRITICAL - 2022-10-03 21:03:41 --> Undefined variable: datosUsuario
in APPPATH\Models\UsuarioModel.php on line 54.
 1 APPPATH\Models\UsuarioModel.php(54): CodeIgniter\Debug\Exceptions->errorHandler(8, 'Undefined variable: datosUsuario', 'APPPATH\\Models\\UsuarioModel.php', 54, [...])
 2 APPPATH\Controllers\Usuario.php(87): App\Models\UsuarioModel->obtenerUsuario([...])
 3 SYSTEMPATH\CodeIgniter.php(907): App\Controllers\Usuario->login()
 4 SYSTEMPATH\CodeIgniter.php(457): CodeIgniter\CodeIgniter->runController(Object(App\Controllers\Usuario))
 5 SYSTEMPATH\CodeIgniter.php(340): CodeIgniter\CodeIgniter->handleRequest(null, Object(Config\Cache), false)
 6 FCPATH\index.php(67): CodeIgniter\CodeIgniter->run()
CRITICAL - 2022-10-03 21:03:54 --> Undefined variable: Usuario
in APPPATH\Models\UsuarioModel.php on line 54.
 1 APPPATH\Models\UsuarioModel.php(54): CodeIgniter\Debug\Exceptions->errorHandler(8, 'Undefined variable: Usuario', 'APPPATH\\Models\\UsuarioModel.php', 54, [...])
 2 APPPATH\Controllers\Usuario.php(87): App\Models\UsuarioModel->obtenerUsuario([...])
 3 SYSTEMPATH\CodeIgniter.php(907): App\Controllers\Usuario->login()
 4 SYSTEMPATH\CodeIgniter.php(457): CodeIgniter\CodeIgniter->runController(Object(App\Controllers\Usuario))
 5 SYSTEMPATH\CodeIgniter.php(340): CodeIgniter\CodeIgniter->handleRequest(null, Object(Config\Cache), false)
 6 FCPATH\index.php(67): CodeIgniter\CodeIgniter->run()
CRITICAL - 2022-10-03 21:06:37 --> Undefined variable: Usuario
in APPPATH\Models\UsuarioModel.php on line 54.
 1 APPPATH\Models\UsuarioModel.php(54): CodeIgniter\Debug\Exceptions->errorHandler(8, 'Undefined variable: Usuario', 'APPPATH\\Models\\UsuarioModel.php', 54, [...])
 2 APPPATH\Controllers\Usuario.php(87): App\Models\UsuarioModel->obtenerUsuario([...])
 3 SYSTEMPATH\CodeIgniter.php(907): App\Controllers\Usuario->login()
 4 SYSTEMPATH\CodeIgniter.php(457): CodeIgniter\CodeIgniter->runController(Object(App\Controllers\Usuario))
 5 SYSTEMPATH\CodeIgniter.php(340): CodeIgniter\CodeIgniter->handleRequest(null, Object(Config\Cache), false)
 6 FCPATH\index.php(67): CodeIgniter\CodeIgniter->run()
CRITICAL - 2022-10-03 21:07:37 --> Call to undefined method App\Controllers\Usuario::obtenerUsuario()
in APPPATH\Controllers\Usuario.php on line 87.
 1 SYSTEMPATH\CodeIgniter.php(907): App\Controllers\Usuario->login()
 2 SYSTEMPATH\CodeIgniter.php(457): CodeIgniter\CodeIgniter->runController(Object(App\Controllers\Usuario))
 3 SYSTEMPATH\CodeIgniter.php(340): CodeIgniter\CodeIgniter->handleRequest(null, Object(Config\Cache), false)
 4 FCPATH\index.php(67): CodeIgniter\CodeIgniter->run()
CRITICAL - 2022-10-03 21:10:04 --> Call to undefined method App\Controllers\Usuario::obtenerUsuario()
in APPPATH\Controllers\Usuario.php on line 87.
 1 SYSTEMPATH\CodeIgniter.php(907): App\Controllers\Usuario->login()
 2 SYSTEMPATH\CodeIgniter.php(457): CodeIgniter\CodeIgniter->runController(Object(App\Controllers\Usuario))
 3 SYSTEMPATH\CodeIgniter.php(340): CodeIgniter\CodeIgniter->handleRequest(null, Object(Config\Cache), false)
 4 FCPATH\index.php(67): CodeIgniter\CodeIgniter->run()
CRITICAL - 2022-10-03 21:11:40 --> Undefined variable: Usuario
in APPPATH\Models\UsuarioModel.php on line 54.
 1 APPPATH\Models\UsuarioModel.php(54): CodeIgniter\Debug\Exceptions->errorHandler(8, 'Undefined variable: Usuario', 'APPPATH\\Models\\UsuarioModel.php', 54, [...])
 2 APPPATH\Controllers\Usuario.php(88): App\Models\UsuarioModel->obtenerUsuario([...])
 3 SYSTEMPATH\CodeIgniter.php(907): App\Controllers\Usuario->login()
 4 SYSTEMPATH\CodeIgniter.php(457): CodeIgniter\CodeIgniter->runController(Object(App\Controllers\Usuario))
 5 SYSTEMPATH\CodeIgniter.php(340): CodeIgniter\CodeIgniter->handleRequest(null, Object(Config\Cache), false)
 6 FCPATH\index.php(67): CodeIgniter\CodeIgniter->run()
CRITICAL - 2022-10-03 21:12:30 --> Undefined variable: builder
in APPPATH\Models\UsuarioModel.php on line 54.
 1 APPPATH\Models\UsuarioModel.php(54): CodeIgniter\Debug\Exceptions->errorHandler(8, 'Undefined variable: builder', 'APPPATH\\Models\\UsuarioModel.php', 54, [...])
 2 APPPATH\Controllers\Usuario.php(88): App\Models\UsuarioModel->obtenerUsuario([...])
 3 SYSTEMPATH\CodeIgniter.php(907): App\Controllers\Usuario->login()
 4 SYSTEMPATH\CodeIgniter.php(457): CodeIgniter\CodeIgniter->runController(Object(App\Controllers\Usuario))
 5 SYSTEMPATH\CodeIgniter.php(340): CodeIgniter\CodeIgniter->handleRequest(null, Object(Config\Cache), false)
 6 FCPATH\index.php(67): CodeIgniter\CodeIgniter->run()
CRITICAL - 2022-10-03 21:14:12 --> Too few arguments to function App\Models\UsuarioModel::obtenerUsuario(), 1 passed in C:\wamp64\www\computadoras\app\Controllers\Usuario.php on line 88 and exactly 2 expected
in APPPATH\Models\UsuarioModel.php on line 53.
 1 APPPATH\Controllers\Usuario.php(88): App\Models\UsuarioModel->obtenerUsuario([...])
 2 SYSTEMPATH\CodeIgniter.php(907): App\Controllers\Usuario->login()
 3 SYSTEMPATH\CodeIgniter.php(457): CodeIgniter\CodeIgniter->runController(Object(App\Controllers\Usuario))
 4 SYSTEMPATH\CodeIgniter.php(340): CodeIgniter\CodeIgniter->handleRequest(null, Object(Config\Cache), false)
 5 FCPATH\index.php(67): CodeIgniter\CodeIgniter->run()
CRITICAL - 2022-10-03 21:14:28 --> Undefined variable: builder
in APPPATH\Models\UsuarioModel.php on line 54.
 1 APPPATH\Models\UsuarioModel.php(54): CodeIgniter\Debug\Exceptions->errorHandler(8, 'Undefined variable: builder', 'APPPATH\\Models\\UsuarioModel.php', 54, [...])
 2 APPPATH\Controllers\Usuario.php(88): App\Models\UsuarioModel->obtenerUsuario([...])
 3 SYSTEMPATH\CodeIgniter.php(907): App\Controllers\Usuario->login()
 4 SYSTEMPATH\CodeIgniter.php(457): CodeIgniter\CodeIgniter->runController(Object(App\Controllers\Usuario))
 5 SYSTEMPATH\CodeIgniter.php(340): CodeIgniter\CodeIgniter->handleRequest(null, Object(Config\Cache), false)
 6 FCPATH\index.php(67): CodeIgniter\CodeIgniter->run()
CRITICAL - 2022-10-03 21:19:54 --> Undefined variable: usuarioModel
in APPPATH\Controllers\Usuario.php on line 87.
 1 APPPATH\Controllers\Usuario.php(87): CodeIgniter\Debug\Exceptions->errorHandler(8, 'Undefined variable: usuarioModel', 'APPPATH\\Controllers\\Usuario.php', 87, [...])
 2 SYSTEMPATH\CodeIgniter.php(907): App\Controllers\Usuario->login()
 3 SYSTEMPATH\CodeIgniter.php(457): CodeIgniter\CodeIgniter->runController(Object(App\Controllers\Usuario))
 4 SYSTEMPATH\CodeIgniter.php(340): CodeIgniter\CodeIgniter->handleRequest(null, Object(Config\Cache), false)
 5 FCPATH\index.php(67): CodeIgniter\CodeIgniter->run()
CRITICAL - 2022-10-03 21:20:14 --> Undefined variable: Usuario
in APPPATH\Models\UsuarioModel.php on line 54.
 1 APPPATH\Models\UsuarioModel.php(54): CodeIgniter\Debug\Exceptions->errorHandler(8, 'Undefined variable: Usuario', 'APPPATH\\Models\\UsuarioModel.php', 54, [...])
 2 APPPATH\Controllers\Usuario.php(87): App\Models\UsuarioModel->obtenerUsuario([...])
 3 SYSTEMPATH\CodeIgniter.php(907): App\Controllers\Usuario->login()
 4 SYSTEMPATH\CodeIgniter.php(457): CodeIgniter\CodeIgniter->runController(Object(App\Controllers\Usuario))
 5 SYSTEMPATH\CodeIgniter.php(340): CodeIgniter\CodeIgniter->handleRequest(null, Object(Config\Cache), false)
 6 FCPATH\index.php(67): CodeIgniter\CodeIgniter->run()
CRITICAL - 2022-10-03 21:23:08 --> Undefined variable: Usuario
in APPPATH\Models\UsuarioModel.php on line 54.
 1 APPPATH\Models\UsuarioModel.php(54): CodeIgniter\Debug\Exceptions->errorHandler(8, 'Undefined variable: Usuario', 'APPPATH\\Models\\UsuarioModel.php', 54, [...])
 2 APPPATH\Controllers\Usuario.php(87): App\Models\UsuarioModel->obtenerUsuario([...])
 3 SYSTEMPATH\CodeIgniter.php(907): App\Controllers\Usuario->login()
 4 SYSTEMPATH\CodeIgniter.php(457): CodeIgniter\CodeIgniter->runController(Object(App\Controllers\Usuario))
 5 SYSTEMPATH\CodeIgniter.php(340): CodeIgniter\CodeIgniter->handleRequest(null, Object(Config\Cache), false)
 6 FCPATH\index.php(67): CodeIgniter\CodeIgniter->run()
CRITICAL - 2022-10-03 21:23:11 --> Undefined variable: Usuario
in APPPATH\Models\UsuarioModel.php on line 54.
 1 APPPATH\Models\UsuarioModel.php(54): CodeIgniter\Debug\Exceptions->errorHandler(8, 'Undefined variable: Usuario', 'APPPATH\\Models\\UsuarioModel.php', 54, [...])
 2 APPPATH\Controllers\Usuario.php(87): App\Models\UsuarioModel->obtenerUsuario([...])
 3 SYSTEMPATH\CodeIgniter.php(907): App\Controllers\Usuario->login()
 4 SYSTEMPATH\CodeIgniter.php(457): CodeIgniter\CodeIgniter->runController(Object(App\Controllers\Usuario))
 5 SYSTEMPATH\CodeIgniter.php(340): CodeIgniter\CodeIgniter->handleRequest(null, Object(Config\Cache), false)
 6 FCPATH\index.php(67): CodeIgniter\CodeIgniter->run()
CRITICAL - 2022-10-03 21:23:56 --> Undefined variable: Usuario
in APPPATH\Models\UsuarioModel.php on line 54.
 1 APPPATH\Models\UsuarioModel.php(54): CodeIgniter\Debug\Exceptions->errorHandler(8, 'Undefined variable: Usuario', 'APPPATH\\Models\\UsuarioModel.php', 54, [...])
 2 APPPATH\Controllers\Usuario.php(87): App\Models\UsuarioModel->obtenerUsuario([...])
 3 SYSTEMPATH\CodeIgniter.php(907): App\Controllers\Usuario->login()
 4 SYSTEMPATH\CodeIgniter.php(457): CodeIgniter\CodeIgniter->runController(Object(App\Controllers\Usuario))
 5 SYSTEMPATH\CodeIgniter.php(340): CodeIgniter\CodeIgniter->handleRequest(null, Object(Config\Cache), false)
 6 FCPATH\index.php(67): CodeIgniter\CodeIgniter->run()
ERROR - 2022-10-03 22:10:57 --> mysqli_sql_exception: Table 'dbcomputadoras.usuario' doesn't exist in C:\wamp64\www\computadoras\system\Database\MySQLi\Connection.php:292
Stack trace:
#0 C:\wamp64\www\computadoras\system\Database\MySQLi\Connection.php(292): mysqli->query('select * from u...', 0)
#1 C:\wamp64\www\computadoras\system\Database\BaseConnection.php(693): CodeIgniter\Database\MySQLi\Connection->execute('select * from u...')
#2 C:\wamp64\www\computadoras\system\Database\BaseConnection.php(620): CodeIgniter\Database\BaseConnection->simpleQuery('select * from u...')
#3 C:\wamp64\www\computadoras\app\Models\UsuarioModel.php(46): CodeIgniter\Database\BaseConnection->query('select * from u...')
#4 C:\wamp64\www\computadoras\app\Controllers\Usuario.php(80): App\Models\UsuarioModel->ingresarLogin(Array)
#5 C:\wamp64\www\computadoras\system\CodeIgniter.php(907): App\Controllers\Usuario->login()
#6 C:\wamp64\www\computadoras\system\CodeIgniter.php(457): CodeIgniter\CodeIgniter->runController(Object(App\Controllers\Usuario))
#7 C:\wamp64\www\computadoras\system\CodeIgniter.php(340): CodeIgniter\CodeIgniter->handleRequest(NULL, Object(Config\Cache), false)
#8 C:\wamp64\www\computadoras\public\index.php(67): CodeIgniter\CodeIgniter->run()
#9 {main}
CRITICAL - 2022-10-03 22:10:57 --> Table 'dbcomputadoras.usuario' doesn't exist
in SYSTEMPATH\Database\MySQLi\Connection.php on line 292.
 1 SYSTEMPATH\Database\MySQLi\Connection.php(292): mysqli->query('select * from usuario', 0)
 2 SYSTEMPATH\Database\BaseConnection.php(693): CodeIgniter\Database\MySQLi\Connection->execute('select * from usuario')
 3 SYSTEMPATH\Database\BaseConnection.php(620): CodeIgniter\Database\BaseConnection->simpleQuery('select * from usuario')
 4 APPPATH\Models\UsuarioModel.php(46): CodeIgniter\Database\BaseConnection->query('select * from usuario')
 5 APPPATH\Controllers\Usuario.php(80): App\Models\UsuarioModel->ingresarLogin([...])
 6 SYSTEMPATH\CodeIgniter.php(907): App\Controllers\Usuario->login()
 7 SYSTEMPATH\CodeIgniter.php(457): CodeIgniter\CodeIgniter->runController(Object(App\Controllers\Usuario))
 8 SYSTEMPATH\CodeIgniter.php(340): CodeIgniter\CodeIgniter->handleRequest(null, Object(Config\Cache), false)
 9 FCPATH\index.php(67): CodeIgniter\CodeIgniter->run()
CRITICAL - 2022-10-03 22:12:59 --> You must set the database table to be used with your query.
in SYSTEMPATH\Database\BaseConnection.php on line 872.
 1 SYSTEMPATH\Model.php(587): CodeIgniter\Database\BaseConnection->table(null)
 2 SYSTEMPATH\Model.php(764): CodeIgniter\Model->builder()
 3 APPPATH\Controllers\Usuario.php(80): CodeIgniter\Model->__call('ingresarLgin', [...])
 4 SYSTEMPATH\CodeIgniter.php(907): App\Controllers\Usuario->login()
 5 SYSTEMPATH\CodeIgniter.php(457): CodeIgniter\CodeIgniter->runController(Object(App\Controllers\Usuario))
 6 SYSTEMPATH\CodeIgniter.php(340): CodeIgniter\CodeIgniter->handleRequest(null, Object(Config\Cache), false)
 7 FCPATH\index.php(67): CodeIgniter\CodeIgniter->run()
