CRITICAL - 2022-09-26 19:59:58 --> Undefined variable: usuarios
in APPPATH\Views\listadousuario.php on line 26.
 1 APPPATH\Views\listadousuario.php(26): CodeIgniter\Debug\Exceptions->errorHandler(8, 'Undefined variable: usuarios', 'APPPATH\\Views\\listadousuario.php', 26, [])
 2 SYSTEMPATH\View\View.php(213): include('APPPATH\\Views\\listadousuario.php')
 3 SYSTEMPATH\View\View.php(216): CodeIgniter\View\View->CodeIgniter\View\{closure}()
 4 SYSTEMPATH\Common.php(1142): CodeIgniter\View\View->render('listadousuario', [], true)
 5 APPPATH\Controllers\Home.php(13): view('listadousuario')
 6 SYSTEMPATH\CodeIgniter.php(907): App\Controllers\Home->mostrar_usuarios()
 7 SYSTEMPATH\CodeIgniter.php(457): CodeIgniter\CodeIgniter->runController(Object(App\Controllers\Home))
 8 SYSTEMPATH\CodeIgniter.php(340): CodeIgniter\CodeIgniter->handleRequest(null, Object(Config\Cache), false)
 9 FCPATH\index.php(67): CodeIgniter\CodeIgniter->run()
CRITICAL - 2022-09-26 20:03:58 --> Undefined variable: usuarios
in APPPATH\Views\listadousuario.php on line 26.
 1 APPPATH\Views\listadousuario.php(26): CodeIgniter\Debug\Exceptions->errorHandler(8, 'Undefined variable: usuarios', 'APPPATH\\Views\\listadousuario.php', 26, [])
 2 SYSTEMPATH\View\View.php(213): include('APPPATH\\Views\\listadousuario.php')
 3 SYSTEMPATH\View\View.php(216): CodeIgniter\View\View->CodeIgniter\View\{closure}()
 4 SYSTEMPATH\Common.php(1142): CodeIgniter\View\View->render('listadousuario', [], true)
 5 APPPATH\Controllers\Home.php(13): view('listadousuario')
 6 SYSTEMPATH\CodeIgniter.php(907): App\Controllers\Home->mostrar_usuarios()
 7 SYSTEMPATH\CodeIgniter.php(457): CodeIgniter\CodeIgniter->runController(Object(App\Controllers\Home))
 8 SYSTEMPATH\CodeIgniter.php(340): CodeIgniter\CodeIgniter->handleRequest(null, Object(Config\Cache), false)
 9 FCPATH\index.php(67): CodeIgniter\CodeIgniter->run()
CRITICAL - 2022-09-26 20:04:50 --> You must set the database table to be used with your query.
in SYSTEMPATH\Database\BaseConnection.php on line 872.
 1 SYSTEMPATH\Model.php(587): CodeIgniter\Database\BaseConnection->table(null)
 2 SYSTEMPATH\Model.php(764): CodeIgniter\Model->builder()
 3 APPPATH\Controllers\Usuario.php(16): CodeIgniter\Model->__call('getUsuario', [])
 4 SYSTEMPATH\CodeIgniter.php(907): App\Controllers\Usuario->listar_usuarios()
 5 SYSTEMPATH\CodeIgniter.php(457): CodeIgniter\CodeIgniter->runController(Object(App\Controllers\Usuario))
 6 SYSTEMPATH\CodeIgniter.php(340): CodeIgniter\CodeIgniter->handleRequest(null, Object(Config\Cache), false)
 7 FCPATH\index.php(67): CodeIgniter\CodeIgniter->run()
CRITICAL - 2022-09-26 20:06:54 --> You must set the database table to be used with your query.
in SYSTEMPATH\Database\BaseConnection.php on line 872.
 1 SYSTEMPATH\Model.php(587): CodeIgniter\Database\BaseConnection->table(null)
 2 SYSTEMPATH\Model.php(764): CodeIgniter\Model->builder()
 3 APPPATH\Controllers\Usuario.php(16): CodeIgniter\Model->__call('getUsuario', [])
 4 SYSTEMPATH\CodeIgniter.php(907): App\Controllers\Usuario->listar_usuarios()
 5 SYSTEMPATH\CodeIgniter.php(457): CodeIgniter\CodeIgniter->runController(Object(App\Controllers\Usuario))
 6 SYSTEMPATH\CodeIgniter.php(340): CodeIgniter\CodeIgniter->handleRequest(null, Object(Config\Cache), false)
 7 FCPATH\index.php(67): CodeIgniter\CodeIgniter->run()
CRITICAL - 2022-09-26 20:10:45 --> You must set the database table to be used with your query.
in SYSTEMPATH\Database\BaseConnection.php on line 872.
 1 SYSTEMPATH\Model.php(587): CodeIgniter\Database\BaseConnection->table(null)
 2 SYSTEMPATH\Model.php(764): CodeIgniter\Model->builder()
 3 APPPATH\Controllers\Usuario.php(16): CodeIgniter\Model->__call('getUsuario', [])
 4 SYSTEMPATH\CodeIgniter.php(907): App\Controllers\Usuario->listar_usuarios()
 5 SYSTEMPATH\CodeIgniter.php(457): CodeIgniter\CodeIgniter->runController(Object(App\Controllers\Usuario))
 6 SYSTEMPATH\CodeIgniter.php(340): CodeIgniter\CodeIgniter->handleRequest(null, Object(Config\Cache), false)
 7 FCPATH\index.php(67): CodeIgniter\CodeIgniter->run()
CRITICAL - 2022-09-26 20:10:46 --> You must set the database table to be used with your query.
in SYSTEMPATH\Database\BaseConnection.php on line 872.
 1 SYSTEMPATH\Model.php(587): CodeIgniter\Database\BaseConnection->table(null)
 2 SYSTEMPATH\Model.php(764): CodeIgniter\Model->builder()
 3 APPPATH\Controllers\Usuario.php(16): CodeIgniter\Model->__call('getUsuario', [])
 4 SYSTEMPATH\CodeIgniter.php(907): App\Controllers\Usuario->listar_usuarios()
 5 SYSTEMPATH\CodeIgniter.php(457): CodeIgniter\CodeIgniter->runController(Object(App\Controllers\Usuario))
 6 SYSTEMPATH\CodeIgniter.php(340): CodeIgniter\CodeIgniter->handleRequest(null, Object(Config\Cache), false)
 7 FCPATH\index.php(67): CodeIgniter\CodeIgniter->run()
CRITICAL - 2022-09-26 20:10:47 --> You must set the database table to be used with your query.
in SYSTEMPATH\Database\BaseConnection.php on line 872.
 1 SYSTEMPATH\Model.php(587): CodeIgniter\Database\BaseConnection->table(null)
 2 SYSTEMPATH\Model.php(764): CodeIgniter\Model->builder()
 3 APPPATH\Controllers\Usuario.php(16): CodeIgniter\Model->__call('getUsuario', [])
 4 SYSTEMPATH\CodeIgniter.php(907): App\Controllers\Usuario->listar_usuarios()
 5 SYSTEMPATH\CodeIgniter.php(457): CodeIgniter\CodeIgniter->runController(Object(App\Controllers\Usuario))
 6 SYSTEMPATH\CodeIgniter.php(340): CodeIgniter\CodeIgniter->handleRequest(null, Object(Config\Cache), false)
 7 FCPATH\index.php(67): CodeIgniter\CodeIgniter->run()
CRITICAL - 2022-09-26 20:10:54 --> You must set the database table to be used with your query.
in SYSTEMPATH\Database\BaseConnection.php on line 872.
 1 SYSTEMPATH\Model.php(587): CodeIgniter\Database\BaseConnection->table(null)
 2 SYSTEMPATH\Model.php(764): CodeIgniter\Model->builder()
 3 APPPATH\Controllers\Usuario.php(16): CodeIgniter\Model->__call('getUsuario', [])
 4 SYSTEMPATH\CodeIgniter.php(907): App\Controllers\Usuario->listar_usuarios()
 5 SYSTEMPATH\CodeIgniter.php(457): CodeIgniter\CodeIgniter->runController(Object(App\Controllers\Usuario))
 6 SYSTEMPATH\CodeIgniter.php(340): CodeIgniter\CodeIgniter->handleRequest(null, Object(Config\Cache), false)
 7 FCPATH\index.php(67): CodeIgniter\CodeIgniter->run()
