CRITICAL - 2022-09-28 17:32:04 --> Undefined variable: usuarios
in APPPATH\Views\insertarusuario.php on line 15.
 1 APPPATH\Views\insertarusuario.php(15): CodeIgniter\Debug\Exceptions->errorHandler(8, 'Undefined variable: usuarios', 'APPPATH\\Views\\insertarusuario.php', 15, [])
 2 SYSTEMPATH\View\View.php(213): include('APPPATH\\Views\\insertarusuario.php')
 3 SYSTEMPATH\View\View.php(216): CodeIgniter\View\View->CodeIgniter\View\{closure}()
 4 SYSTEMPATH\Common.php(1142): CodeIgniter\View\View->render('insertarusuario', [], true)
 5 APPPATH\Controllers\Usuario.php(27): view('insertarusuario')
 6 SYSTEMPATH\CodeIgniter.php(907): App\Controllers\Usuario->formulario_usuario()
 7 SYSTEMPATH\CodeIgniter.php(457): CodeIgniter\CodeIgniter->runController(Object(App\Controllers\Usuario))
 8 SYSTEMPATH\CodeIgniter.php(340): CodeIgniter\CodeIgniter->handleRequest(null, Object(Config\Cache), false)
 9 FCPATH\index.php(67): CodeIgniter\CodeIgniter->run()
CRITICAL - 2022-09-28 17:39:29 --> syntax error, unexpected 'echo' (T_ECHO)
in APPPATH\Views\insertarusuario.php on line 15.
 1 SYSTEMPATH\View\View.php(216): CodeIgniter\View\View->CodeIgniter\View\{closure}()
 2 SYSTEMPATH\Common.php(1142): CodeIgniter\View\View->render('insertarusuario', [], true)
 3 APPPATH\Controllers\Usuario.php(27): view('insertarusuario')
 4 SYSTEMPATH\CodeIgniter.php(907): App\Controllers\Usuario->formulario_usuario()
 5 SYSTEMPATH\CodeIgniter.php(457): CodeIgniter\CodeIgniter->runController(Object(App\Controllers\Usuario))
 6 SYSTEMPATH\CodeIgniter.php(340): CodeIgniter\CodeIgniter->handleRequest(null, Object(Config\Cache), false)
 7 FCPATH\index.php(67): CodeIgniter\CodeIgniter->run()
CRITICAL - 2022-09-28 17:50:13 --> Undefined variable: usuarios
in APPPATH\Views\editarusuario.php on line 15.
 1 APPPATH\Views\editarusuario.php(15): CodeIgniter\Debug\Exceptions->errorHandler(8, 'Undefined variable: usuarios', 'APPPATH\\Views\\editarusuario.php', 15, [])
 2 SYSTEMPATH\View\View.php(213): include('APPPATH\\Views\\editarusuario.php')
 3 SYSTEMPATH\View\View.php(216): CodeIgniter\View\View->CodeIgniter\View\{closure}()
 4 SYSTEMPATH\Common.php(1142): CodeIgniter\View\View->render('editarusuario', [], true)
 5 APPPATH\Controllers\Usuario.php(44): view('editarusuario')
 6 SYSTEMPATH\CodeIgniter.php(907): App\Controllers\Usuario->formularioeditar_usuario()
 7 SYSTEMPATH\CodeIgniter.php(457): CodeIgniter\CodeIgniter->runController(Object(App\Controllers\Usuario))
 8 SYSTEMPATH\CodeIgniter.php(340): CodeIgniter\CodeIgniter->handleRequest(null, Object(Config\Cache), false)
 9 FCPATH\index.php(67): CodeIgniter\CodeIgniter->run()
CRITICAL - 2022-09-28 17:50:27 --> syntax error, unexpected 'echo' (T_ECHO)
in APPPATH\Views\editarusuario.php on line 15.
 1 SYSTEMPATH\View\View.php(216): CodeIgniter\View\View->CodeIgniter\View\{closure}()
 2 SYSTEMPATH\Common.php(1142): CodeIgniter\View\View->render('editarusuario', [], true)
 3 APPPATH\Controllers\Usuario.php(44): view('editarusuario')
 4 SYSTEMPATH\CodeIgniter.php(907): App\Controllers\Usuario->formularioeditar_usuario()
 5 SYSTEMPATH\CodeIgniter.php(457): CodeIgniter\CodeIgniter->runController(Object(App\Controllers\Usuario))
 6 SYSTEMPATH\CodeIgniter.php(340): CodeIgniter\CodeIgniter->handleRequest(null, Object(Config\Cache), false)
 7 FCPATH\index.php(67): CodeIgniter\CodeIgniter->run()
CRITICAL - 2022-09-28 17:52:22 --> Undefined variable: usuarios
in APPPATH\Views\editarusuario.php on line 15.
 1 APPPATH\Views\editarusuario.php(15): CodeIgniter\Debug\Exceptions->errorHandler(8, 'Undefined variable: usuarios', 'APPPATH\\Views\\editarusuario.php', 15, [])
 2 SYSTEMPATH\View\View.php(213): include('APPPATH\\Views\\editarusuario.php')
 3 SYSTEMPATH\View\View.php(216): CodeIgniter\View\View->CodeIgniter\View\{closure}()
 4 SYSTEMPATH\Common.php(1142): CodeIgniter\View\View->render('editarusuario', [], true)
 5 APPPATH\Controllers\Usuario.php(44): view('editarusuario')
 6 SYSTEMPATH\CodeIgniter.php(907): App\Controllers\Usuario->formularioeditar_usuario()
 7 SYSTEMPATH\CodeIgniter.php(457): CodeIgniter\CodeIgniter->runController(Object(App\Controllers\Usuario))
 8 SYSTEMPATH\CodeIgniter.php(340): CodeIgniter\CodeIgniter->handleRequest(null, Object(Config\Cache), false)
 9 FCPATH\index.php(67): CodeIgniter\CodeIgniter->run()
CRITICAL - 2022-09-28 17:52:55 --> Undefined variable: datos
in APPPATH\Views\editarusuario.php on line 15.
 1 APPPATH\Views\editarusuario.php(15): CodeIgniter\Debug\Exceptions->errorHandler(8, 'Undefined variable: datos', 'APPPATH\\Views\\editarusuario.php', 15, [])
 2 SYSTEMPATH\View\View.php(213): include('APPPATH\\Views\\editarusuario.php')
 3 SYSTEMPATH\View\View.php(216): CodeIgniter\View\View->CodeIgniter\View\{closure}()
 4 SYSTEMPATH\Common.php(1142): CodeIgniter\View\View->render('editarusuario', [], true)
 5 APPPATH\Controllers\Usuario.php(44): view('editarusuario')
 6 SYSTEMPATH\CodeIgniter.php(907): App\Controllers\Usuario->formularioeditar_usuario()
 7 SYSTEMPATH\CodeIgniter.php(457): CodeIgniter\CodeIgniter->runController(Object(App\Controllers\Usuario))
 8 SYSTEMPATH\CodeIgniter.php(340): CodeIgniter\CodeIgniter->handleRequest(null, Object(Config\Cache), false)
 9 FCPATH\index.php(67): CodeIgniter\CodeIgniter->run()
CRITICAL - 2022-09-28 17:54:25 --> Undefined variable: usuarios
in APPPATH\Views\editarusuario.php on line 15.
 1 APPPATH\Views\editarusuario.php(15): CodeIgniter\Debug\Exceptions->errorHandler(8, 'Undefined variable: usuarios', 'APPPATH\\Views\\editarusuario.php', 15, [])
 2 SYSTEMPATH\View\View.php(213): include('APPPATH\\Views\\editarusuario.php')
 3 SYSTEMPATH\View\View.php(216): CodeIgniter\View\View->CodeIgniter\View\{closure}()
 4 SYSTEMPATH\Common.php(1142): CodeIgniter\View\View->render('editarusuario', [], true)
 5 APPPATH\Controllers\Usuario.php(44): view('editarusuario')
 6 SYSTEMPATH\CodeIgniter.php(907): App\Controllers\Usuario->formularioeditar_usuario()
 7 SYSTEMPATH\CodeIgniter.php(457): CodeIgniter\CodeIgniter->runController(Object(App\Controllers\Usuario))
 8 SYSTEMPATH\CodeIgniter.php(340): CodeIgniter\CodeIgniter->handleRequest(null, Object(Config\Cache), false)
 9 FCPATH\index.php(67): CodeIgniter\CodeIgniter->run()
CRITICAL - 2022-09-28 17:56:02 --> Undefined variable: usuarios
in APPPATH\Views\editarusuario.php on line 15.
 1 APPPATH\Views\editarusuario.php(15): CodeIgniter\Debug\Exceptions->errorHandler(8, 'Undefined variable: usuarios', 'APPPATH\\Views\\editarusuario.php', 15, [])
 2 SYSTEMPATH\View\View.php(213): include('APPPATH\\Views\\editarusuario.php')
 3 SYSTEMPATH\View\View.php(216): CodeIgniter\View\View->CodeIgniter\View\{closure}()
 4 SYSTEMPATH\Common.php(1142): CodeIgniter\View\View->render('editarusuario', [], true)
 5 APPPATH\Controllers\Usuario.php(46): view('editarusuario')
 6 SYSTEMPATH\CodeIgniter.php(907): App\Controllers\Usuario->formularioeditar_usuario()
 7 SYSTEMPATH\CodeIgniter.php(457): CodeIgniter\CodeIgniter->runController(Object(App\Controllers\Usuario))
 8 SYSTEMPATH\CodeIgniter.php(340): CodeIgniter\CodeIgniter->handleRequest(null, Object(Config\Cache), false)
 9 FCPATH\index.php(67): CodeIgniter\CodeIgniter->run()
CRITICAL - 2022-09-28 17:59:39 --> Undefined variable: usuarios
in APPPATH\Views\editarusuario.php on line 15.
 1 APPPATH\Views\editarusuario.php(15): CodeIgniter\Debug\Exceptions->errorHandler(8, 'Undefined variable: usuarios', 'APPPATH\\Views\\editarusuario.php', 15, [])
 2 SYSTEMPATH\View\View.php(213): include('APPPATH\\Views\\editarusuario.php')
 3 SYSTEMPATH\View\View.php(216): CodeIgniter\View\View->CodeIgniter\View\{closure}()
 4 SYSTEMPATH\Common.php(1142): CodeIgniter\View\View->render('editarusuario', [], true)
 5 APPPATH\Controllers\Usuario.php(46): view('editarusuario')
 6 SYSTEMPATH\CodeIgniter.php(907): App\Controllers\Usuario->formularioeditar_usuario()
 7 SYSTEMPATH\CodeIgniter.php(457): CodeIgniter\CodeIgniter->runController(Object(App\Controllers\Usuario))
 8 SYSTEMPATH\CodeIgniter.php(340): CodeIgniter\CodeIgniter->handleRequest(null, Object(Config\Cache), false)
 9 FCPATH\index.php(67): CodeIgniter\CodeIgniter->run()
ERROR - 2022-09-28 18:06:16 --> mysqli_sql_exception: You have an error in your SQL syntax; check the manual that corresponds to your MySQL server version for the right syntax to use near '' at line 1 in C:\wamp64\www\computadoras\system\Database\MySQLi\Connection.php:292
Stack trace:
#0 C:\wamp64\www\computadoras\system\Database\MySQLi\Connection.php(292): mysqli->query('Select * from u...', 0)
#1 C:\wamp64\www\computadoras\system\Database\BaseConnection.php(693): CodeIgniter\Database\MySQLi\Connection->execute('Select * from u...')
#2 C:\wamp64\www\computadoras\system\Database\BaseConnection.php(620): CodeIgniter\Database\BaseConnection->simpleQuery('Select * from u...')
#3 C:\wamp64\www\computadoras\app\Models\UsuarioModel.php(31): CodeIgniter\Database\BaseConnection->query('Select * from u...')
#4 C:\wamp64\www\computadoras\app\Controllers\Usuario.php(45): App\Models\UsuarioModel->getUsuariosEditar('')
#5 C:\wamp64\www\computadoras\system\CodeIgniter.php(907): App\Controllers\Usuario->formularioeditar_usuario()
#6 C:\wamp64\www\computadoras\system\CodeIgniter.php(457): CodeIgniter\CodeIgniter->runController(Object(App\Controllers\Usuario))
#7 C:\wamp64\www\computadoras\system\CodeIgniter.php(340): CodeIgniter\CodeIgniter->handleRequest(NULL, Object(Config\Cache), false)
#8 C:\wamp64\www\computadoras\public\index.php(67): CodeIgniter\CodeIgniter->run()
#9 {main}
CRITICAL - 2022-09-28 18:06:16 --> You have an error in your SQL syntax; check the manual that corresponds to your MySQL server version for the right syntax to use near '' at line 1
in SYSTEMPATH\Database\MySQLi\Connection.php on line 292.
 1 SYSTEMPATH\Database\MySQLi\Connection.php(292): mysqli->query('Select * from usuarios where idusuario = ', 0)
 2 SYSTEMPATH\Database\BaseConnection.php(693): CodeIgniter\Database\MySQLi\Connection->execute('Select * from usuarios where idusuario = ')
 3 SYSTEMPATH\Database\BaseConnection.php(620): CodeIgniter\Database\BaseConnection->simpleQuery('Select * from usuarios where idusuario = ')
 4 APPPATH\Models\UsuarioModel.php(31): CodeIgniter\Database\BaseConnection->query('Select * from usuarios where idusuario = ')
 5 APPPATH\Controllers\Usuario.php(45): App\Models\UsuarioModel->getUsuariosEditar('ROOTPATH\\public')
 6 SYSTEMPATH\CodeIgniter.php(907): App\Controllers\Usuario->formularioeditar_usuario()
 7 SYSTEMPATH\CodeIgniter.php(457): CodeIgniter\CodeIgniter->runController(Object(App\Controllers\Usuario))
 8 SYSTEMPATH\CodeIgniter.php(340): CodeIgniter\CodeIgniter->handleRequest(null, Object(Config\Cache), false)
 9 FCPATH\index.php(67): CodeIgniter\CodeIgniter->run()
CRITICAL - 2022-09-28 18:09:43 --> Undefined index: idusuario
in APPPATH\Views\editarusuario.php on line 15.
 1 APPPATH\Views\editarusuario.php(15): CodeIgniter\Debug\Exceptions->errorHandler(8, 'Undefined index: idusuario', 'APPPATH\\Views\\editarusuario.php', 15, [...])
 2 SYSTEMPATH\View\View.php(213): include('APPPATH\\Views\\editarusuario.php')
 3 SYSTEMPATH\View\View.php(216): CodeIgniter\View\View->CodeIgniter\View\{closure}()
 4 SYSTEMPATH\Common.php(1142): CodeIgniter\View\View->render('editarusuario', [], true)
 5 APPPATH\Controllers\Usuario.php(47): view('editarusuario', [...])
 6 SYSTEMPATH\CodeIgniter.php(907): App\Controllers\Usuario->formularioeditar_usuario()
 7 SYSTEMPATH\CodeIgniter.php(457): CodeIgniter\CodeIgniter->runController(Object(App\Controllers\Usuario))
 8 SYSTEMPATH\CodeIgniter.php(340): CodeIgniter\CodeIgniter->handleRequest(null, Object(Config\Cache), false)
 9 FCPATH\index.php(67): CodeIgniter\CodeIgniter->run()
CRITICAL - 2022-09-28 18:11:22 --> Undefined index: idusuario
in APPPATH\Views\editarusuario.php on line 15.
 1 APPPATH\Views\editarusuario.php(15): CodeIgniter\Debug\Exceptions->errorHandler(8, 'Undefined index: idusuario', 'APPPATH\\Views\\editarusuario.php', 15, [...])
 2 SYSTEMPATH\View\View.php(213): include('APPPATH\\Views\\editarusuario.php')
 3 SYSTEMPATH\View\View.php(216): CodeIgniter\View\View->CodeIgniter\View\{closure}()
 4 SYSTEMPATH\Common.php(1142): CodeIgniter\View\View->render('editarusuario', [], true)
 5 APPPATH\Controllers\Usuario.php(47): view('editarusuario', [...])
 6 SYSTEMPATH\CodeIgniter.php(907): App\Controllers\Usuario->formularioeditar_usuario()
 7 SYSTEMPATH\CodeIgniter.php(457): CodeIgniter\CodeIgniter->runController(Object(App\Controllers\Usuario))
 8 SYSTEMPATH\CodeIgniter.php(340): CodeIgniter\CodeIgniter->handleRequest(null, Object(Config\Cache), false)
 9 FCPATH\index.php(67): CodeIgniter\CodeIgniter->run()
CRITICAL - 2022-09-28 18:51:23 --> Undefined variable: usuario
in APPPATH\Models\UsuarioModel.php on line 37.
 1 APPPATH\Models\UsuarioModel.php(37): CodeIgniter\Debug\Exceptions->errorHandler(8, 'Undefined variable: usuario', 'APPPATH\\Models\\UsuarioModel.php', 37, [...])
 2 APPPATH\Controllers\Usuario.php(55): App\Models\UsuarioModel->updateUsuario([...])
 3 SYSTEMPATH\CodeIgniter.php(907): App\Controllers\Usuario->actualizar_usuario()
 4 SYSTEMPATH\CodeIgniter.php(457): CodeIgniter\CodeIgniter->runController(Object(App\Controllers\Usuario))
 5 SYSTEMPATH\CodeIgniter.php(340): CodeIgniter\CodeIgniter->handleRequest(null, Object(Config\Cache), false)
 6 FCPATH\index.php(67): CodeIgniter\CodeIgniter->run()
CRITICAL - 2022-09-28 18:52:00 --> Undefined variable: usuario
in APPPATH\Models\UsuarioModel.php on line 37.
 1 APPPATH\Models\UsuarioModel.php(37): CodeIgniter\Debug\Exceptions->errorHandler(8, 'Undefined variable: usuario', 'APPPATH\\Models\\UsuarioModel.php', 37, [...])
 2 APPPATH\Controllers\Usuario.php(55): App\Models\UsuarioModel->updateUsuario([...])
 3 SYSTEMPATH\CodeIgniter.php(907): App\Controllers\Usuario->actualizar_usuario()
 4 SYSTEMPATH\CodeIgniter.php(457): CodeIgniter\CodeIgniter->runController(Object(App\Controllers\Usuario))
 5 SYSTEMPATH\CodeIgniter.php(340): CodeIgniter\CodeIgniter->handleRequest(null, Object(Config\Cache), false)
 6 FCPATH\index.php(67): CodeIgniter\CodeIgniter->run()
CRITICAL - 2022-09-28 18:55:10 --> Undefined variable: usuario
in APPPATH\Models\UsuarioModel.php on line 37.
 1 APPPATH\Models\UsuarioModel.php(37): CodeIgniter\Debug\Exceptions->errorHandler(8, 'Undefined variable: usuario', 'APPPATH\\Models\\UsuarioModel.php', 37, [...])
 2 APPPATH\Controllers\Usuario.php(55): App\Models\UsuarioModel->updateUsuario([...])
 3 SYSTEMPATH\CodeIgniter.php(907): App\Controllers\Usuario->actualizar_usuario()
 4 SYSTEMPATH\CodeIgniter.php(457): CodeIgniter\CodeIgniter->runController(Object(App\Controllers\Usuario))
 5 SYSTEMPATH\CodeIgniter.php(340): CodeIgniter\CodeIgniter->handleRequest(null, Object(Config\Cache), false)
 6 FCPATH\index.php(67): CodeIgniter\CodeIgniter->run()
CRITICAL - 2022-09-28 19:06:34 --> Trying to get property 'id' of non-object
in APPPATH\Views\editarusuario.php on line 11.
 1 APPPATH\Views\editarusuario.php(11): CodeIgniter\Debug\Exceptions->errorHandler(8, 'Trying to get property \'id\' of non-object', 'APPPATH\\Views\\editarusuario.php', 11, [...])
 2 SYSTEMPATH\View\View.php(213): include('APPPATH\\Views\\editarusuario.php')
 3 SYSTEMPATH\View\View.php(216): CodeIgniter\View\View->CodeIgniter\View\{closure}()
 4 SYSTEMPATH\Common.php(1142): CodeIgniter\View\View->render('editarusuario', [], true)
 5 APPPATH\Controllers\Usuario.php(47): view('editarusuario', [...])
 6 SYSTEMPATH\CodeIgniter.php(907): App\Controllers\Usuario->formularioeditar_usuario()
 7 SYSTEMPATH\CodeIgniter.php(457): CodeIgniter\CodeIgniter->runController(Object(App\Controllers\Usuario))
 8 SYSTEMPATH\CodeIgniter.php(340): CodeIgniter\CodeIgniter->handleRequest(null, Object(Config\Cache), false)
 9 FCPATH\index.php(67): CodeIgniter\CodeIgniter->run()
CRITICAL - 2022-09-28 19:19:58 --> Undefined index: idusuario
in APPPATH\Views\editarusuario.php on line 11.
 1 APPPATH\Views\editarusuario.php(11): CodeIgniter\Debug\Exceptions->errorHandler(8, 'Undefined index: idusuario', 'APPPATH\\Views\\editarusuario.php', 11, [...])
 2 SYSTEMPATH\View\View.php(213): include('APPPATH\\Views\\editarusuario.php')
 3 SYSTEMPATH\View\View.php(216): CodeIgniter\View\View->CodeIgniter\View\{closure}()
 4 SYSTEMPATH\Common.php(1142): CodeIgniter\View\View->render('editarusuario', [], true)
 5 APPPATH\Controllers\Usuario.php(47): view('editarusuario', [...])
 6 SYSTEMPATH\CodeIgniter.php(907): App\Controllers\Usuario->formularioeditar_usuario()
 7 SYSTEMPATH\CodeIgniter.php(457): CodeIgniter\CodeIgniter->runController(Object(App\Controllers\Usuario))
 8 SYSTEMPATH\CodeIgniter.php(340): CodeIgniter\CodeIgniter->handleRequest(null, Object(Config\Cache), false)
 9 FCPATH\index.php(67): CodeIgniter\CodeIgniter->run()
CRITICAL - 2022-09-28 19:20:17 --> Undefined index: idusuario
in APPPATH\Views\editarusuario.php on line 11.
 1 APPPATH\Views\editarusuario.php(11): CodeIgniter\Debug\Exceptions->errorHandler(8, 'Undefined index: idusuario', 'APPPATH\\Views\\editarusuario.php', 11, [...])
 2 SYSTEMPATH\View\View.php(213): include('APPPATH\\Views\\editarusuario.php')
 3 SYSTEMPATH\View\View.php(216): CodeIgniter\View\View->CodeIgniter\View\{closure}()
 4 SYSTEMPATH\Common.php(1142): CodeIgniter\View\View->render('editarusuario', [], true)
 5 APPPATH\Controllers\Usuario.php(47): view('editarusuario', [...])
 6 SYSTEMPATH\CodeIgniter.php(907): App\Controllers\Usuario->formularioeditar_usuario()
 7 SYSTEMPATH\CodeIgniter.php(457): CodeIgniter\CodeIgniter->runController(Object(App\Controllers\Usuario))
 8 SYSTEMPATH\CodeIgniter.php(340): CodeIgniter\CodeIgniter->handleRequest(null, Object(Config\Cache), false)
 9 FCPATH\index.php(67): CodeIgniter\CodeIgniter->run()
CRITICAL - 2022-09-28 19:21:14 --> Undefined index: idusuario
in APPPATH\Views\editarusuario.php on line 11.
 1 APPPATH\Views\editarusuario.php(11): CodeIgniter\Debug\Exceptions->errorHandler(8, 'Undefined index: idusuario', 'APPPATH\\Views\\editarusuario.php', 11, [...])
 2 SYSTEMPATH\View\View.php(213): include('APPPATH\\Views\\editarusuario.php')
 3 SYSTEMPATH\View\View.php(216): CodeIgniter\View\View->CodeIgniter\View\{closure}()
 4 SYSTEMPATH\Common.php(1142): CodeIgniter\View\View->render('editarusuario', [], true)
 5 APPPATH\Controllers\Usuario.php(47): view('editarusuario', [...])
 6 SYSTEMPATH\CodeIgniter.php(907): App\Controllers\Usuario->formularioeditar_usuario()
 7 SYSTEMPATH\CodeIgniter.php(457): CodeIgniter\CodeIgniter->runController(Object(App\Controllers\Usuario))
 8 SYSTEMPATH\CodeIgniter.php(340): CodeIgniter\CodeIgniter->handleRequest(null, Object(Config\Cache), false)
 9 FCPATH\index.php(67): CodeIgniter\CodeIgniter->run()
CRITICAL - 2022-09-28 19:22:02 --> Too few arguments to function App\Controllers\Usuario::actualizar_usuario(), 0 passed in C:\wamp64\www\computadoras\system\CodeIgniter.php on line 907 and exactly 1 expected
in APPPATH\Controllers\Usuario.php on line 50.
 1 SYSTEMPATH\CodeIgniter.php(907): App\Controllers\Usuario->actualizar_usuario()
 2 SYSTEMPATH\CodeIgniter.php(457): CodeIgniter\CodeIgniter->runController(Object(App\Controllers\Usuario))
 3 SYSTEMPATH\CodeIgniter.php(340): CodeIgniter\CodeIgniter->handleRequest(null, Object(Config\Cache), false)
 4 FCPATH\index.php(67): CodeIgniter\CodeIgniter->run()
CRITICAL - 2022-09-28 19:28:22 --> Undefined variable: usuarios
in APPPATH\Views\listadousuario.php on line 20.
 1 APPPATH\Views\listadousuario.php(20): CodeIgniter\Debug\Exceptions->errorHandler(8, 'Undefined variable: usuarios', 'APPPATH\\Views\\listadousuario.php', 20, [])
 2 SYSTEMPATH\View\View.php(213): include('APPPATH\\Views\\listadousuario.php')
 3 SYSTEMPATH\View\View.php(216): CodeIgniter\View\View->CodeIgniter\View\{closure}()
 4 SYSTEMPATH\Common.php(1142): CodeIgniter\View\View->render('listadousuario', [], true)
 5 APPPATH\Controllers\Usuario.php(57): view('listadousuario')
 6 SYSTEMPATH\CodeIgniter.php(907): App\Controllers\Usuario->actualizar_usuario()
 7 SYSTEMPATH\CodeIgniter.php(457): CodeIgniter\CodeIgniter->runController(Object(App\Controllers\Usuario))
 8 SYSTEMPATH\CodeIgniter.php(340): CodeIgniter\CodeIgniter->handleRequest(null, Object(Config\Cache), false)
 9 FCPATH\index.php(67): CodeIgniter\CodeIgniter->run()
