CRITICAL - 2022-10-05 16:43:08 --> syntax error, unexpected ';', expecting ')'
in APPPATH\Controllers\Computadora.php on line 50.
 1 SYSTEMPATH\Autoloader\Autoloader.php(259): CodeIgniter\Autoloader\Autoloader->includeFile('APPPATH\\Controllers\\Computadora.php')
 2 SYSTEMPATH\Autoloader\Autoloader.php(237): CodeIgniter\Autoloader\Autoloader->loadInNamespace('App\\Controllers\\Computadora')
 3 [internal function]: CodeIgniter\Autoloader\Autoloader->loadClass('App\\Controllers\\Computadora')
 4 [internal function]: spl_autoload_call('App\\Controllers\\Computadora')
 5 SYSTEMPATH\CodeIgniter.php(857): class_exists('\\App\\Controllers\\Computadora', true)
 6 SYSTEMPATH\CodeIgniter.php(444): CodeIgniter\CodeIgniter->startController()
 7 SYSTEMPATH\CodeIgniter.php(340): CodeIgniter\CodeIgniter->handleRequest(null, Object(Config\Cache), false)
 8 FCPATH\index.php(67): CodeIgniter\CodeIgniter->run()
CRITICAL - 2022-10-05 17:58:44 --> Declaration of App\Filters\sessionLog::after(CodeIgniter\HTTP\RequestInterface $request, CodeIgniter\HTTP\ResponseInterface $response, $arguments) must be compatible with CodeIgniter\Filters\FilterInterface::after(CodeIgniter\HTTP\RequestInterface $request, CodeIgniter\HTTP\ResponseInterface $response, $arguments = NULL)
in APPPATH\Filters\sessionLog.php on line 19.
 1 [internal function]: CodeIgniter\Debug\Exceptions->shutdownHandler()
CRITICAL - 2022-10-05 18:03:08 --> Declaration of App\Filters\sessionLog::after(CodeIgniter\HTTP\RequestInterface $request, CodeIgniter\HTTP\ResponseInterface $response, $arguments) must be compatible with CodeIgniter\Filters\FilterInterface::after(CodeIgniter\HTTP\RequestInterface $request, CodeIgniter\HTTP\ResponseInterface $response, $arguments = NULL)
in APPPATH\Filters\sessionLog.php on line 19.
 1 [internal function]: CodeIgniter\Debug\Exceptions->shutdownHandler()
CRITICAL - 2022-10-05 18:07:48 --> syntax error, unexpected '<'
in APPPATH\Filters\sessionLog.php on line 15.
 1 SYSTEMPATH\Autoloader\Autoloader.php(259): CodeIgniter\Autoloader\Autoloader->includeFile('APPPATH\\Filters\\sessionLog.php')
 2 SYSTEMPATH\Autoloader\Autoloader.php(237): CodeIgniter\Autoloader\Autoloader->loadInNamespace('App\\Filters\\sessionLog')
 3 [internal function]: CodeIgniter\Autoloader\Autoloader->loadClass('App\\Filters\\sessionLog')
 4 SYSTEMPATH\Filters\Filters.php(166): spl_autoload_call('App\\Filters\\sessionLog')
 5 SYSTEMPATH\CodeIgniter.php(431): CodeIgniter\Filters\Filters->run('principal', 'before')
 6 SYSTEMPATH\CodeIgniter.php(340): CodeIgniter\CodeIgniter->handleRequest(null, Object(Config\Cache), false)
 7 FCPATH\index.php(67): CodeIgniter\CodeIgniter->run()
CRITICAL - 2022-10-05 22:31:11 --> Invalid file: listadocomputadora.php
in SYSTEMPATH\Exceptions\FrameworkException.php on line 33.
 1 SYSTEMPATH\View\View.php(201): CodeIgniter\Exceptions\FrameworkException::forInvalidFile('listadocomputadora.php')
 2 SYSTEMPATH\Common.php(1142): CodeIgniter\View\View->render('listadocomputadora', [], true)
 3 APPPATH\Controllers\Computadora.php(42): view('listadocomputadora')
 4 SYSTEMPATH\CodeIgniter.php(907): App\Controllers\Computadora->insertar_computadora()
 5 SYSTEMPATH\CodeIgniter.php(457): CodeIgniter\CodeIgniter->runController(Object(App\Controllers\Computadora))
 6 SYSTEMPATH\CodeIgniter.php(340): CodeIgniter\CodeIgniter->handleRequest(null, Object(Config\Cache), false)
 7 FCPATH\index.php(67): CodeIgniter\CodeIgniter->run()
