CRITICAL - 2022-09-27 17:18:50 --> syntax error, unexpected '$result' (T_VARIABLE)
in APPPATH\Models\UsuarioModel.php on line 17.
 1 SYSTEMPATH\Autoloader\Autoloader.php(259): CodeIgniter\Autoloader\Autoloader->includeFile('APPPATH\\Models\\UsuarioModel.php')
 2 SYSTEMPATH\Autoloader\Autoloader.php(237): CodeIgniter\Autoloader\Autoloader->loadInNamespace('App\\Models\\UsuarioModel')
 3 [internal function]: CodeIgniter\Autoloader\Autoloader->loadClass('App\\Models\\UsuarioModel')
 4 APPPATH\Controllers\Usuario.php(15): spl_autoload_call('App\\Models\\UsuarioModel')
 5 SYSTEMPATH\CodeIgniter.php(869): App\Controllers\Usuario->__construct()
 6 SYSTEMPATH\CodeIgniter.php(448): CodeIgniter\CodeIgniter->createController()
 7 SYSTEMPATH\CodeIgniter.php(340): CodeIgniter\CodeIgniter->handleRequest(null, Object(Config\Cache), false)
 8 FCPATH\index.php(67): CodeIgniter\CodeIgniter->run()
CRITICAL - 2022-09-27 17:19:38 --> syntax error, unexpected '$result' (T_VARIABLE)
in APPPATH\Models\UsuarioModel.php on line 17.
 1 SYSTEMPATH\Autoloader\Autoloader.php(259): CodeIgniter\Autoloader\Autoloader->includeFile('APPPATH\\Models\\UsuarioModel.php')
 2 SYSTEMPATH\Autoloader\Autoloader.php(237): CodeIgniter\Autoloader\Autoloader->loadInNamespace('App\\Models\\UsuarioModel')
 3 [internal function]: CodeIgniter\Autoloader\Autoloader->loadClass('App\\Models\\UsuarioModel')
 4 APPPATH\Controllers\Usuario.php(15): spl_autoload_call('App\\Models\\UsuarioModel')
 5 SYSTEMPATH\CodeIgniter.php(869): App\Controllers\Usuario->__construct()
 6 SYSTEMPATH\CodeIgniter.php(448): CodeIgniter\CodeIgniter->createController()
 7 SYSTEMPATH\CodeIgniter.php(340): CodeIgniter\CodeIgniter->handleRequest(null, Object(Config\Cache), false)
 8 FCPATH\index.php(67): CodeIgniter\CodeIgniter->run()
CRITICAL - 2022-09-27 18:14:54 --> syntax error, unexpected '$result' (T_VARIABLE)
in APPPATH\Models\UsuarioModel.php on line 14.
 1 SYSTEMPATH\Autoloader\Autoloader.php(259): CodeIgniter\Autoloader\Autoloader->includeFile('APPPATH\\Models\\UsuarioModel.php')
 2 SYSTEMPATH\Autoloader\Autoloader.php(237): CodeIgniter\Autoloader\Autoloader->loadInNamespace('App\\Models\\UsuarioModel')
 3 [internal function]: CodeIgniter\Autoloader\Autoloader->loadClass('App\\Models\\UsuarioModel')
 4 APPPATH\Controllers\Usuario.php(15): spl_autoload_call('App\\Models\\UsuarioModel')
 5 SYSTEMPATH\CodeIgniter.php(869): App\Controllers\Usuario->__construct()
 6 SYSTEMPATH\CodeIgniter.php(448): CodeIgniter\CodeIgniter->createController()
 7 SYSTEMPATH\CodeIgniter.php(340): CodeIgniter\CodeIgniter->handleRequest(null, Object(Config\Cache), false)
 8 FCPATH\index.php(67): CodeIgniter\CodeIgniter->run()
CRITICAL - 2022-09-27 18:27:32 --> syntax error, unexpected '{'
in APPPATH\Views\listadousuario.php on line 23.
 1 SYSTEMPATH\View\View.php(216): CodeIgniter\View\View->CodeIgniter\View\{closure}()
 2 SYSTEMPATH\Common.php(1142): CodeIgniter\View\View->render('listadousuario', [], true)
 3 APPPATH\Controllers\Usuario.php(23): view('listadousuario', [...])
 4 SYSTEMPATH\CodeIgniter.php(907): App\Controllers\Usuario->listar_usuarios()
 5 SYSTEMPATH\CodeIgniter.php(457): CodeIgniter\CodeIgniter->runController(Object(App\Controllers\Usuario))
 6 SYSTEMPATH\CodeIgniter.php(340): CodeIgniter\CodeIgniter->handleRequest(null, Object(Config\Cache), false)
 7 FCPATH\index.php(67): CodeIgniter\CodeIgniter->run()
CRITICAL - 2022-09-27 18:27:51 --> syntax error, unexpected '?>'
in APPPATH\Views\listadousuario.php on line 27.
 1 SYSTEMPATH\View\View.php(216): CodeIgniter\View\View->CodeIgniter\View\{closure}()
 2 SYSTEMPATH\Common.php(1142): CodeIgniter\View\View->render('listadousuario', [], true)
 3 APPPATH\Controllers\Usuario.php(23): view('listadousuario', [...])
 4 SYSTEMPATH\CodeIgniter.php(907): App\Controllers\Usuario->listar_usuarios()
 5 SYSTEMPATH\CodeIgniter.php(457): CodeIgniter\CodeIgniter->runController(Object(App\Controllers\Usuario))
 6 SYSTEMPATH\CodeIgniter.php(340): CodeIgniter\CodeIgniter->handleRequest(null, Object(Config\Cache), false)
 7 FCPATH\index.php(67): CodeIgniter\CodeIgniter->run()
CRITICAL - 2022-09-27 18:28:57 --> syntax error, unexpected 'endforeach' (T_ENDFOREACH), expecting end of file
in APPPATH\Views\listadousuario.php on line 30.
 1 SYSTEMPATH\View\View.php(216): CodeIgniter\View\View->CodeIgniter\View\{closure}()
 2 SYSTEMPATH\Common.php(1142): CodeIgniter\View\View->render('listadousuario', [], true)
 3 APPPATH\Controllers\Usuario.php(23): view('listadousuario', [...])
 4 SYSTEMPATH\CodeIgniter.php(907): App\Controllers\Usuario->listar_usuarios()
 5 SYSTEMPATH\CodeIgniter.php(457): CodeIgniter\CodeIgniter->runController(Object(App\Controllers\Usuario))
 6 SYSTEMPATH\CodeIgniter.php(340): CodeIgniter\CodeIgniter->handleRequest(null, Object(Config\Cache), false)
 7 FCPATH\index.php(67): CodeIgniter\CodeIgniter->run()
CRITICAL - 2022-09-27 18:38:21 --> Undefined variable: resutl
in APPPATH\Models\UsuarioModel.php on line 26.
 1 APPPATH\Models\UsuarioModel.php(26): CodeIgniter\Debug\Exceptions->errorHandler(8, 'Undefined variable: resutl', 'APPPATH\\Models\\UsuarioModel.php', 26, [...])
 2 APPPATH\Controllers\Usuario.php(40): App\Models\UsuarioModel->deleteUsuario('6')
 3 SYSTEMPATH\CodeIgniter.php(907): App\Controllers\Usuario->borrar_usuario()
 4 SYSTEMPATH\CodeIgniter.php(457): CodeIgniter\CodeIgniter->runController(Object(App\Controllers\Usuario))
 5 SYSTEMPATH\CodeIgniter.php(340): CodeIgniter\CodeIgniter->handleRequest(null, Object(Config\Cache), false)
 6 FCPATH\index.php(67): CodeIgniter\CodeIgniter->run()
CRITICAL - 2022-09-27 18:44:32 --> Undefined variable: resutl
in APPPATH\Models\UsuarioModel.php on line 26.
 1 APPPATH\Models\UsuarioModel.php(26): CodeIgniter\Debug\Exceptions->errorHandler(8, 'Undefined variable: resutl', 'APPPATH\\Models\\UsuarioModel.php', 26, [...])
 2 APPPATH\Controllers\Usuario.php(40): App\Models\UsuarioModel->deleteUsuario('6')
 3 SYSTEMPATH\CodeIgniter.php(907): App\Controllers\Usuario->borrar_usuario()
 4 SYSTEMPATH\CodeIgniter.php(457): CodeIgniter\CodeIgniter->runController(Object(App\Controllers\Usuario))
 5 SYSTEMPATH\CodeIgniter.php(340): CodeIgniter\CodeIgniter->handleRequest(null, Object(Config\Cache), false)
 6 FCPATH\index.php(67): CodeIgniter\CodeIgniter->run()
CRITICAL - 2022-09-27 18:44:37 --> Undefined variable: resutl
in APPPATH\Models\UsuarioModel.php on line 26.
 1 APPPATH\Models\UsuarioModel.php(26): CodeIgniter\Debug\Exceptions->errorHandler(8, 'Undefined variable: resutl', 'APPPATH\\Models\\UsuarioModel.php', 26, [...])
 2 APPPATH\Controllers\Usuario.php(40): App\Models\UsuarioModel->deleteUsuario('7')
 3 SYSTEMPATH\CodeIgniter.php(907): App\Controllers\Usuario->borrar_usuario()
 4 SYSTEMPATH\CodeIgniter.php(457): CodeIgniter\CodeIgniter->runController(Object(App\Controllers\Usuario))
 5 SYSTEMPATH\CodeIgniter.php(340): CodeIgniter\CodeIgniter->handleRequest(null, Object(Config\Cache), false)
 6 FCPATH\index.php(67): CodeIgniter\CodeIgniter->run()
